2023-01-18 10:25:46,893 [Worker-5: Loading available Gradle versions] INFO  o.e.b.c.i.u.g.PublishedGradleVersions - Gradle version information cache is up-to-date. Trying to read.
2023-01-18 10:26:18,788 [Worker-8: Importing Maven projects] INFO  o.e.m.c.i.l.LifecycleMappingFactory - Using org.eclipse.m2e.jdt.JarLifecycleMapping lifecycle mapping for MavenProject: com.serverless:hello:dev @ C:\Users\ustjavafsdb412\Documents\aws-java-serverless-api\pom.xml.
2023-01-18 10:26:23,008 [Worker-8: Importing Maven projects] INFO  o.e.m.j.i.AbstractJavaProjectConfigurator - Adding source folder /aws-java-serverless-api/src/main/java
2023-01-18 10:26:23,009 [Worker-8: Importing Maven projects] INFO  o.e.m.j.i.AbstractJavaProjectConfigurator - Adding resource folder /aws-java-serverless-api/src/main/resources
2023-01-18 10:26:23,020 [Worker-8: Importing Maven projects] INFO  o.e.m.j.i.AbstractJavaProjectConfigurator - Adding source folder /aws-java-serverless-api/src/test/java
2023-01-18 10:26:25,493 [Worker-7: Download sources and javadoc] INFO  o.e.m.c.i.e.AbstractTransferListenerAdapter - Downloading https://repo.maven.apache.org/maven2/com/amazonaws/aws-lambda-java-log4j2/1.2.0/aws-lambda-java-log4j2-1.2.0-sources.jar
2023-01-18 10:26:26,090 [Worker-7: Download sources and javadoc] INFO  o.e.m.c.i.e.AbstractTransferListenerAdapter - Downloaded https://repo.maven.apache.org/maven2/com/amazonaws/aws-lambda-java-log4j2/1.2.0/aws-lambda-java-log4j2-1.2.0-sources.jar
2023-01-18 10:26:26,095 [Worker-7: Download sources and javadoc] INFO  o.e.m.j.internal.DownloadSourcesJob - Downloaded sources for com.amazonaws:aws-lambda-java-log4j2:1.2.0
2023-01-18 10:26:27,566 [Worker-8: Importing Maven projects] INFO  o.e.m.c.i.p.ProjectConfigurationManager - Imported and configured 1 project(s) in 15 sec
2023-01-18 10:26:27,617 [Worker-7: Download sources and javadoc] INFO  o.e.m.c.i.e.AbstractTransferListenerAdapter - Downloading https://repo.maven.apache.org/maven2/org/apache/logging/log4j/log4j-core/2.14.1/log4j-core-2.14.1-sources.jar
2023-01-18 10:26:28,605 [Worker-1: Importing Maven projects] INFO  o.e.m.c.i.l.LifecycleMappingFactory - Using org.eclipse.m2e.jdt.JarLifecycleMapping lifecycle mapping for MavenProject: com.home.amazon.serverless:aws-serverless-framework-app:dev @ C:\Users\ustjavafsdb412\Documents\aws-serverless-framework-app-master\pom.xml.
2023-01-18 10:26:28,983 [Worker-1: Importing Maven projects] INFO  o.e.m.j.i.AbstractJavaProjectConfigurator - Adding source folder /aws-serverless-framework-app-master/src/main/java
2023-01-18 10:26:28,983 [Worker-1: Importing Maven projects] INFO  o.e.m.j.i.AbstractJavaProjectConfigurator - Adding resource folder /aws-serverless-framework-app-master/src/main/resources
2023-01-18 10:26:28,993 [Worker-1: Importing Maven projects] INFO  o.e.m.j.i.AbstractJavaProjectConfigurator - Adding source folder /aws-serverless-framework-app-master/src/test/java
2023-01-18 10:26:29,884 [Worker-7: Download sources and javadoc] INFO  o.e.m.c.i.e.AbstractTransferListenerAdapter - Downloaded https://repo.maven.apache.org/maven2/org/apache/logging/log4j/log4j-core/2.14.1/log4j-core-2.14.1-sources.jar
2023-01-18 10:26:29,888 [Worker-7: Download sources and javadoc] INFO  o.e.m.j.internal.DownloadSourcesJob - Downloaded sources for org.apache.logging.log4j:log4j-core:2.14.1
2023-01-18 10:26:30,814 [Worker-7: Download sources and javadoc] INFO  o.e.m.c.i.e.AbstractTransferListenerAdapter - Downloading https://repo.maven.apache.org/maven2/software/amazon/awssdk/dynamodb-enhanced/2.15.79/dynamodb-enhanced-2.15.79-sources.jar
2023-01-18 10:26:31,819 [Worker-7: Download sources and javadoc] INFO  o.e.m.c.i.e.AbstractTransferListenerAdapter - Downloaded https://repo.maven.apache.org/maven2/software/amazon/awssdk/dynamodb-enhanced/2.15.79/dynamodb-enhanced-2.15.79-sources.jar
2023-01-18 10:26:31,822 [Worker-7: Download sources and javadoc] INFO  o.e.m.j.internal.DownloadSourcesJob - Downloaded sources for software.amazon.awssdk:dynamodb-enhanced:2.15.79
2023-01-18 10:26:32,978 [Worker-7: Download sources and javadoc] INFO  o.e.m.c.i.e.AbstractTransferListenerAdapter - Downloading https://repo.maven.apache.org/maven2/software/amazon/awssdk/aws-core/2.15.79/aws-core-2.15.79-sources.jar
2023-01-18 10:26:33,722 [Worker-7: Download sources and javadoc] INFO  o.e.m.c.i.e.AbstractTransferListenerAdapter - Downloaded https://repo.maven.apache.org/maven2/software/amazon/awssdk/aws-core/2.15.79/aws-core-2.15.79-sources.jar
2023-01-18 10:26:33,725 [Worker-7: Download sources and javadoc] INFO  o.e.m.j.internal.DownloadSourcesJob - Downloaded sources for software.amazon.awssdk:aws-core:2.15.79
2023-01-18 10:26:34,608 [Worker-7: Download sources and javadoc] INFO  o.e.m.c.i.e.AbstractTransferListenerAdapter - Downloading https://repo.maven.apache.org/maven2/software/amazon/awssdk/profiles/2.15.79/profiles-2.15.79-sources.jar
2023-01-18 10:26:35,127 [Worker-7: Download sources and javadoc] INFO  o.e.m.c.i.e.AbstractTransferListenerAdapter - Downloaded https://repo.maven.apache.org/maven2/software/amazon/awssdk/profiles/2.15.79/profiles-2.15.79-sources.jar
2023-01-18 10:26:35,130 [Worker-7: Download sources and javadoc] INFO  o.e.m.j.internal.DownloadSourcesJob - Downloaded sources for software.amazon.awssdk:profiles:2.15.79
2023-01-18 10:26:36,282 [Worker-7: Download sources and javadoc] INFO  o.e.m.c.i.e.AbstractTransferListenerAdapter - Downloading https://repo.maven.apache.org/maven2/software/amazon/awssdk/metrics-spi/2.15.79/metrics-spi-2.15.79-sources.jar
2023-01-18 10:26:36,912 [Worker-7: Download sources and javadoc] INFO  o.e.m.c.i.e.AbstractTransferListenerAdapter - Downloaded https://repo.maven.apache.org/maven2/software/amazon/awssdk/metrics-spi/2.15.79/metrics-spi-2.15.79-sources.jar
2023-01-18 10:26:36,914 [Worker-7: Download sources and javadoc] INFO  o.e.m.j.internal.DownloadSourcesJob - Downloaded sources for software.amazon.awssdk:metrics-spi:2.15.79
2023-01-18 10:26:37,877 [Worker-7: Download sources and javadoc] INFO  o.e.m.c.i.e.AbstractTransferListenerAdapter - Downloading https://repo.maven.apache.org/maven2/software/amazon/eventstream/eventstream/1.0.1/eventstream-1.0.1-sources.jar
2023-01-18 10:26:38,445 [Worker-7: Download sources and javadoc] INFO  o.e.m.c.i.e.AbstractTransferListenerAdapter - Downloaded https://repo.maven.apache.org/maven2/software/amazon/eventstream/eventstream/1.0.1/eventstream-1.0.1-sources.jar
2023-01-18 10:26:38,447 [Worker-7: Download sources and javadoc] INFO  o.e.m.j.internal.DownloadSourcesJob - Downloaded sources for software.amazon.eventstream:eventstream:1.0.1
2023-01-18 10:26:39,570 [Worker-7: Download sources and javadoc] INFO  o.e.m.c.i.e.AbstractTransferListenerAdapter - Downloading https://repo.maven.apache.org/maven2/software/amazon/awssdk/http-client-spi/2.15.79/http-client-spi-2.15.79-sources.jar
2023-01-18 10:26:40,208 [Worker-7: Download sources and javadoc] INFO  o.e.m.c.i.e.AbstractTransferListenerAdapter - Downloaded https://repo.maven.apache.org/maven2/software/amazon/awssdk/http-client-spi/2.15.79/http-client-spi-2.15.79-sources.jar
2023-01-18 10:26:40,211 [Worker-7: Download sources and javadoc] INFO  o.e.m.j.internal.DownloadSourcesJob - Downloaded sources for software.amazon.awssdk:http-client-spi:2.15.79
2023-01-18 10:26:41,521 [Worker-7: Download sources and javadoc] INFO  o.e.m.c.i.e.AbstractTransferListenerAdapter - Downloading https://repo.maven.apache.org/maven2/org/reactivestreams/reactive-streams/1.0.2/reactive-streams-1.0.2-sources.jar
2023-01-18 10:26:42,929 [Worker-7: Download sources and javadoc] INFO  o.e.m.c.i.e.AbstractTransferListenerAdapter - Downloaded https://repo.maven.apache.org/maven2/org/reactivestreams/reactive-streams/1.0.2/reactive-streams-1.0.2-sources.jar
2023-01-18 10:26:42,929 [Worker-7: Download sources and javadoc] INFO  o.e.m.j.internal.DownloadSourcesJob - Downloaded sources for org.reactivestreams:reactive-streams:1.0.2
2023-01-18 10:26:43,833 [Worker-7: Download sources and javadoc] INFO  o.e.m.c.i.e.AbstractTransferListenerAdapter - Downloading https://repo.maven.apache.org/maven2/software/amazon/awssdk/sdk-core/2.15.79/sdk-core-2.15.79-sources.jar
2023-01-18 10:26:44,919 [Worker-7: Download sources and javadoc] INFO  o.e.m.c.i.e.AbstractTransferListenerAdapter - Downloaded https://repo.maven.apache.org/maven2/software/amazon/awssdk/sdk-core/2.15.79/sdk-core-2.15.79-sources.jar
2023-01-18 10:26:44,921 [Worker-7: Download sources and javadoc] INFO  o.e.m.j.internal.DownloadSourcesJob - Downloaded sources for software.amazon.awssdk:sdk-core:2.15.79
2023-01-18 10:26:45,871 [Worker-7: Download sources and javadoc] INFO  o.e.m.c.i.e.AbstractTransferListenerAdapter - Downloading https://repo.maven.apache.org/maven2/software/amazon/awssdk/auth/2.15.79/auth-2.15.79-sources.jar
2023-01-18 10:26:46,968 [Worker-7: Download sources and javadoc] INFO  o.e.m.c.i.e.AbstractTransferListenerAdapter - Downloaded https://repo.maven.apache.org/maven2/software/amazon/awssdk/auth/2.15.79/auth-2.15.79-sources.jar
2023-01-18 10:26:46,971 [Worker-7: Download sources and javadoc] INFO  o.e.m.j.internal.DownloadSourcesJob - Downloaded sources for software.amazon.awssdk:auth:2.15.79
2023-01-18 10:26:48,323 [Worker-7: Download sources and javadoc] INFO  o.e.m.c.i.e.AbstractTransferListenerAdapter - Downloading https://repo.maven.apache.org/maven2/software/amazon/awssdk/regions/2.15.79/regions-2.15.79-sources.jar
2023-01-18 10:26:50,100 [Worker-7: Download sources and javadoc] INFO  o.e.m.c.i.e.AbstractTransferListenerAdapter - Downloaded https://repo.maven.apache.org/maven2/software/amazon/awssdk/regions/2.15.79/regions-2.15.79-sources.jar
2023-01-18 10:26:50,103 [Worker-7: Download sources and javadoc] INFO  o.e.m.j.internal.DownloadSourcesJob - Downloaded sources for software.amazon.awssdk:regions:2.15.79
2023-01-18 10:26:51,353 [Worker-7: Download sources and javadoc] INFO  o.e.m.c.i.e.AbstractTransferListenerAdapter - Downloading https://repo.maven.apache.org/maven2/software/amazon/awssdk/dynamodb/2.15.79/dynamodb-2.15.79-sources.jar
2023-01-18 10:26:53,622 [Worker-7: Download sources and javadoc] INFO  o.e.m.c.i.e.AbstractTransferListenerAdapter - Downloaded https://repo.maven.apache.org/maven2/software/amazon/awssdk/dynamodb/2.15.79/dynamodb-2.15.79-sources.jar
2023-01-18 10:26:53,625 [Worker-7: Download sources and javadoc] INFO  o.e.m.j.internal.DownloadSourcesJob - Downloaded sources for software.amazon.awssdk:dynamodb:2.15.79
2023-01-18 10:26:54,666 [Worker-7: Download sources and javadoc] INFO  o.e.m.c.i.e.AbstractTransferListenerAdapter - Downloading https://repo.maven.apache.org/maven2/software/amazon/awssdk/aws-json-protocol/2.15.79/aws-json-protocol-2.15.79-sources.jar
2023-01-18 10:26:55,187 [Worker-7: Download sources and javadoc] INFO  o.e.m.c.i.e.AbstractTransferListenerAdapter - Downloaded https://repo.maven.apache.org/maven2/software/amazon/awssdk/aws-json-protocol/2.15.79/aws-json-protocol-2.15.79-sources.jar
2023-01-18 10:26:55,190 [Worker-7: Download sources and javadoc] INFO  o.e.m.j.internal.DownloadSourcesJob - Downloaded sources for software.amazon.awssdk:aws-json-protocol:2.15.79
2023-01-18 10:26:56,470 [Worker-7: Download sources and javadoc] INFO  o.e.m.c.i.e.AbstractTransferListenerAdapter - Downloading https://repo.maven.apache.org/maven2/software/amazon/awssdk/protocol-core/2.15.79/protocol-core-2.15.79-sources.jar
2023-01-18 10:26:56,960 [Worker-7: Download sources and javadoc] INFO  o.e.m.c.i.e.AbstractTransferListenerAdapter - Downloaded https://repo.maven.apache.org/maven2/software/amazon/awssdk/protocol-core/2.15.79/protocol-core-2.15.79-sources.jar
2023-01-18 10:26:56,963 [Worker-7: Download sources and javadoc] INFO  o.e.m.j.internal.DownloadSourcesJob - Downloaded sources for software.amazon.awssdk:protocol-core:2.15.79
2023-01-18 10:26:58,206 [Worker-7: Download sources and javadoc] INFO  o.e.m.c.i.e.AbstractTransferListenerAdapter - Downloading https://repo.maven.apache.org/maven2/software/amazon/awssdk/annotations/2.15.79/annotations-2.15.79-sources.jar
2023-01-18 10:26:58,890 [Worker-7: Download sources and javadoc] INFO  o.e.m.c.i.e.AbstractTransferListenerAdapter - Downloaded https://repo.maven.apache.org/maven2/software/amazon/awssdk/annotations/2.15.79/annotations-2.15.79-sources.jar
2023-01-18 10:26:58,894 [Worker-7: Download sources and javadoc] INFO  o.e.m.j.internal.DownloadSourcesJob - Downloaded sources for software.amazon.awssdk:annotations:2.15.79
2023-01-18 10:26:59,760 [Worker-7: Download sources and javadoc] INFO  o.e.m.c.i.e.AbstractTransferListenerAdapter - Downloading https://repo.maven.apache.org/maven2/software/amazon/awssdk/utils/2.15.79/utils-2.15.79-sources.jar
2023-01-18 10:27:00,355 [Worker-7: Download sources and javadoc] INFO  o.e.m.c.i.e.AbstractTransferListenerAdapter - Downloaded https://repo.maven.apache.org/maven2/software/amazon/awssdk/utils/2.15.79/utils-2.15.79-sources.jar
2023-01-18 10:27:00,359 [Worker-7: Download sources and javadoc] INFO  o.e.m.j.internal.DownloadSourcesJob - Downloaded sources for software.amazon.awssdk:utils:2.15.79
2023-01-18 10:27:01,417 [Worker-7: Download sources and javadoc] INFO  o.e.m.c.i.e.AbstractTransferListenerAdapter - Downloading https://repo.maven.apache.org/maven2/com/amazonaws/aws-lambda-java-core/1.2.1/aws-lambda-java-core-1.2.1-sources.jar
2023-01-18 10:27:02,032 [Worker-7: Download sources and javadoc] INFO  o.e.m.c.i.e.AbstractTransferListenerAdapter - Downloaded https://repo.maven.apache.org/maven2/com/amazonaws/aws-lambda-java-core/1.2.1/aws-lambda-java-core-1.2.1-sources.jar
2023-01-18 10:27:02,035 [Worker-7: Download sources and javadoc] INFO  o.e.m.j.internal.DownloadSourcesJob - Downloaded sources for com.amazonaws:aws-lambda-java-core:1.2.1
2023-01-18 10:27:03,171 [Worker-7: Download sources and javadoc] INFO  o.e.m.c.i.e.AbstractTransferListenerAdapter - Downloading https://repo.maven.apache.org/maven2/software/amazon/awssdk/url-connection-client/2.15.79/url-connection-client-2.15.79-sources.jar
2023-01-18 10:27:03,667 [Worker-7: Download sources and javadoc] INFO  o.e.m.c.i.e.AbstractTransferListenerAdapter - Downloaded https://repo.maven.apache.org/maven2/software/amazon/awssdk/url-connection-client/2.15.79/url-connection-client-2.15.79-sources.jar
2023-01-18 10:27:03,670 [Worker-7: Download sources and javadoc] INFO  o.e.m.j.internal.DownloadSourcesJob - Downloaded sources for software.amazon.awssdk:url-connection-client:2.15.79
2023-01-18 10:27:04,843 [Worker-7: Download sources and javadoc] INFO  o.e.m.c.i.e.AbstractTransferListenerAdapter - Downloading https://repo.maven.apache.org/maven2/com/amazonaws/aws-lambda-java-events/3.9.0/aws-lambda-java-events-3.9.0-sources.jar
2023-01-18 10:27:05,621 [Worker-7: Download sources and javadoc] INFO  o.e.m.c.i.e.AbstractTransferListenerAdapter - Downloaded https://repo.maven.apache.org/maven2/com/amazonaws/aws-lambda-java-events/3.9.0/aws-lambda-java-events-3.9.0-sources.jar
2023-01-18 10:27:05,626 [Worker-7: Download sources and javadoc] INFO  o.e.m.j.internal.DownloadSourcesJob - Downloaded sources for com.amazonaws:aws-lambda-java-events:3.9.0
2023-01-18 10:27:06,782 [Worker-7: Download sources and javadoc] INFO  o.e.m.c.i.e.AbstractTransferListenerAdapter - Downloading https://repo.maven.apache.org/maven2/joda-time/joda-time/2.6/joda-time-2.6-sources.jar
2023-01-18 10:27:15,003 [Worker-7: Download sources and javadoc] INFO  o.e.m.c.i.e.AbstractTransferListenerAdapter - Downloaded https://repo.maven.apache.org/maven2/joda-time/joda-time/2.6/joda-time-2.6-sources.jar
2023-01-18 10:27:15,014 [Worker-7: Download sources and javadoc] INFO  o.e.m.j.internal.DownloadSourcesJob - Downloaded sources for joda-time:joda-time:2.6
2023-01-18 10:27:16,069 [Worker-7: Download sources and javadoc] INFO  o.e.m.c.i.e.AbstractTransferListenerAdapter - Downloading https://repo.maven.apache.org/maven2/org/mockito/mockito-junit-jupiter/3.12.1/mockito-junit-jupiter-3.12.1-sources.jar
2023-01-18 10:27:16,540 [Worker-7: Download sources and javadoc] INFO  o.e.m.c.i.e.AbstractTransferListenerAdapter - Downloaded https://repo.maven.apache.org/maven2/org/mockito/mockito-junit-jupiter/3.12.1/mockito-junit-jupiter-3.12.1-sources.jar
2023-01-18 10:27:16,543 [Worker-7: Download sources and javadoc] INFO  o.e.m.j.internal.DownloadSourcesJob - Downloaded sources for org.mockito:mockito-junit-jupiter:3.12.1
2023-01-18 10:27:17,697 [Worker-7: Download sources and javadoc] INFO  o.e.m.c.i.e.AbstractTransferListenerAdapter - Downloading https://repo.maven.apache.org/maven2/org/mockito/mockito-core/3.12.1/mockito-core-3.12.1-sources.jar
2023-01-18 10:27:19,323 [Worker-7: Download sources and javadoc] INFO  o.e.m.c.i.e.AbstractTransferListenerAdapter - Downloaded https://repo.maven.apache.org/maven2/org/mockito/mockito-core/3.12.1/mockito-core-3.12.1-sources.jar
2023-01-18 10:27:19,327 [Worker-7: Download sources and javadoc] INFO  o.e.m.j.internal.DownloadSourcesJob - Downloaded sources for org.mockito:mockito-core:3.12.1
2023-01-18 10:27:20,484 [Worker-7: Download sources and javadoc] INFO  o.e.m.c.i.e.AbstractTransferListenerAdapter - Downloading https://repo.maven.apache.org/maven2/net/bytebuddy/byte-buddy/1.11.13/byte-buddy-1.11.13-sources.jar
2023-01-18 10:27:31,664 [Worker-7: Download sources and javadoc] INFO  o.e.m.c.i.e.AbstractTransferListenerAdapter - Downloaded https://repo.maven.apache.org/maven2/net/bytebuddy/byte-buddy/1.11.13/byte-buddy-1.11.13-sources.jar
2023-01-18 10:27:31,669 [Worker-7: Download sources and javadoc] INFO  o.e.m.j.internal.DownloadSourcesJob - Downloaded sources for net.bytebuddy:byte-buddy:1.11.13
2023-01-18 10:27:32,740 [Worker-7: Download sources and javadoc] INFO  o.e.m.c.i.e.AbstractTransferListenerAdapter - Downloading https://repo.maven.apache.org/maven2/net/bytebuddy/byte-buddy-agent/1.11.13/byte-buddy-agent-1.11.13-sources.jar
2023-01-18 10:27:34,036 [Worker-7: Download sources and javadoc] INFO  o.e.m.c.i.e.AbstractTransferListenerAdapter - Downloaded https://repo.maven.apache.org/maven2/net/bytebuddy/byte-buddy-agent/1.11.13/byte-buddy-agent-1.11.13-sources.jar
2023-01-18 10:27:34,039 [Worker-7: Download sources and javadoc] INFO  o.e.m.j.internal.DownloadSourcesJob - Downloaded sources for net.bytebuddy:byte-buddy-agent:1.11.13
2023-01-18 10:27:35,450 [Worker-7: Download sources and javadoc] INFO  o.e.m.c.i.e.AbstractTransferListenerAdapter - Downloading https://repo.maven.apache.org/maven2/org/mockito/mockito-inline/3.12.1/mockito-inline-3.12.1-sources.jar
2023-01-18 10:27:36,152 [Worker-7: Download sources and javadoc] INFO  o.e.m.c.i.e.AbstractTransferListenerAdapter - Downloaded https://repo.maven.apache.org/maven2/org/mockito/mockito-inline/3.12.1/mockito-inline-3.12.1-sources.jar
2023-01-18 10:27:36,155 [Worker-7: Download sources and javadoc] INFO  o.e.m.j.internal.DownloadSourcesJob - Downloaded sources for org.mockito:mockito-inline:3.12.1
2023-01-18 10:27:36,161 [Worker-7: Download sources and javadoc] INFO  o.e.m.j.internal.DownloadSourcesJob - Downloaded sources for org.apache.logging.log4j:log4j-core:2.14.1
2023-01-18 10:27:36,164 [Worker-7: Download sources and javadoc] INFO  o.e.m.j.internal.DownloadSourcesJob - Downloaded sources for software.amazon.awssdk:dynamodb-enhanced:2.15.79
2023-01-18 10:27:36,167 [Worker-7: Download sources and javadoc] INFO  o.e.m.j.internal.DownloadSourcesJob - Downloaded sources for software.amazon.awssdk:aws-core:2.15.79
2023-01-18 10:27:36,171 [Worker-7: Download sources and javadoc] INFO  o.e.m.j.internal.DownloadSourcesJob - Downloaded sources for software.amazon.awssdk:profiles:2.15.79
2023-01-18 10:27:36,177 [Worker-7: Download sources and javadoc] INFO  o.e.m.j.internal.DownloadSourcesJob - Downloaded sources for software.amazon.awssdk:metrics-spi:2.15.79
2023-01-18 10:27:36,181 [Worker-7: Download sources and javadoc] INFO  o.e.m.j.internal.DownloadSourcesJob - Downloaded sources for software.amazon.eventstream:eventstream:1.0.1
2023-01-18 10:27:36,184 [Worker-7: Download sources and javadoc] INFO  o.e.m.j.internal.DownloadSourcesJob - Downloaded sources for software.amazon.awssdk:http-client-spi:2.15.79
2023-01-18 10:27:36,189 [Worker-7: Download sources and javadoc] INFO  o.e.m.j.internal.DownloadSourcesJob - Downloaded sources for org.reactivestreams:reactive-streams:1.0.2
2023-01-18 10:27:36,195 [Worker-7: Download sources and javadoc] INFO  o.e.m.j.internal.DownloadSourcesJob - Downloaded sources for software.amazon.awssdk:sdk-core:2.15.79
2023-01-18 10:27:36,198 [Worker-7: Download sources and javadoc] INFO  o.e.m.j.internal.DownloadSourcesJob - Downloaded sources for software.amazon.awssdk:auth:2.15.79
2023-01-18 10:27:36,202 [Worker-7: Download sources and javadoc] INFO  o.e.m.j.internal.DownloadSourcesJob - Downloaded sources for software.amazon.awssdk:regions:2.15.79
2023-01-18 10:27:36,213 [Worker-7: Download sources and javadoc] INFO  o.e.m.j.internal.DownloadSourcesJob - Downloaded sources for software.amazon.awssdk:dynamodb:2.15.79
2023-01-18 10:27:36,222 [Worker-7: Download sources and javadoc] INFO  o.e.m.j.internal.DownloadSourcesJob - Downloaded sources for software.amazon.awssdk:aws-json-protocol:2.15.79
2023-01-18 10:27:36,229 [Worker-7: Download sources and javadoc] INFO  o.e.m.j.internal.DownloadSourcesJob - Downloaded sources for software.amazon.awssdk:protocol-core:2.15.79
2023-01-18 10:27:36,235 [Worker-7: Download sources and javadoc] INFO  o.e.m.j.internal.DownloadSourcesJob - Downloaded sources for software.amazon.awssdk:annotations:2.15.79
2023-01-18 10:27:36,239 [Worker-7: Download sources and javadoc] INFO  o.e.m.j.internal.DownloadSourcesJob - Downloaded sources for software.amazon.awssdk:utils:2.15.79
2023-01-18 10:27:36,242 [Worker-7: Download sources and javadoc] INFO  o.e.m.j.internal.DownloadSourcesJob - Downloaded sources for com.amazonaws:aws-lambda-java-core:1.2.1
2023-01-18 10:27:36,244 [Worker-7: Download sources and javadoc] INFO  o.e.m.j.internal.DownloadSourcesJob - Downloaded sources for software.amazon.awssdk:url-connection-client:2.15.79
2023-01-18 10:27:36,249 [Worker-7: Download sources and javadoc] INFO  o.e.m.j.internal.DownloadSourcesJob - Downloaded sources for com.amazonaws:aws-lambda-java-events:3.9.0
2023-01-18 10:27:36,254 [Worker-7: Download sources and javadoc] INFO  o.e.m.j.internal.DownloadSourcesJob - Downloaded sources for joda-time:joda-time:2.6
2023-01-18 10:27:36,258 [Worker-7: Download sources and javadoc] INFO  o.e.m.j.internal.DownloadSourcesJob - Downloaded sources for org.mockito:mockito-junit-jupiter:3.12.1
2023-01-18 10:27:36,261 [Worker-7: Download sources and javadoc] INFO  o.e.m.j.internal.DownloadSourcesJob - Downloaded sources for org.mockito:mockito-core:3.12.1
2023-01-18 10:27:36,265 [Worker-7: Download sources and javadoc] INFO  o.e.m.j.internal.DownloadSourcesJob - Downloaded sources for net.bytebuddy:byte-buddy:1.11.13
2023-01-18 10:27:36,268 [Worker-7: Download sources and javadoc] INFO  o.e.m.j.internal.DownloadSourcesJob - Downloaded sources for net.bytebuddy:byte-buddy-agent:1.11.13
2023-01-18 10:27:36,271 [Worker-7: Download sources and javadoc] INFO  o.e.m.j.internal.DownloadSourcesJob - Downloaded sources for org.mockito:mockito-inline:3.12.1
2023-01-25 15:18:53,429 [Worker-4: Loading available Gradle versions] INFO  o.e.b.c.i.u.g.PublishedGradleVersions - Gradle version information cache is out-of-date. Trying to update.
2023-01-25 15:19:08,099 [Worker-9: Building] INFO  o.e.m.c.i.embedder.EclipseLogger - Using 'UTF-8' encoding to copy filtered resources.
2023-01-25 15:19:08,119 [Worker-9: Building] INFO  o.e.m.c.i.embedder.EclipseLogger - Copying 1 resource
2023-01-25 15:19:08,166 [Worker-9: Building] INFO  o.e.m.c.i.embedder.EclipseLogger - Using 'UTF-8' encoding to copy filtered resources.
2023-01-25 15:19:08,167 [Worker-9: Building] INFO  o.e.m.c.i.embedder.EclipseLogger - skip non existing resourceDirectory C:\Users\ustjavafsdb412\Documents\aws-java-serverless-api\src\test\resources
2023-01-25 15:19:39,926 [Worker-9: Importing Maven projects] INFO  o.e.m.c.i.l.LifecycleMappingFactory - Using org.eclipse.m2e.jdt.JarLifecycleMapping lifecycle mapping for MavenProject: com.javatechie:spring-security-latest:0.0.1-SNAPSHOT @ C:\Users\ustjavafsdb412\Documents\spring-boot-security-3.0-main\pom.xml.
2023-01-25 15:19:45,490 [Worker-9: Importing Maven projects] INFO  o.e.m.j.i.AbstractJavaProjectConfigurator - Adding source folder /spring-boot-security-3.0-main/src/main/java
2023-01-25 15:19:45,492 [Worker-9: Importing Maven projects] INFO  o.e.m.j.i.AbstractJavaProjectConfigurator - Adding resource folder /spring-boot-security-3.0-main/src/main/resources
2023-01-25 15:19:45,500 [Worker-9: Importing Maven projects] INFO  o.e.m.j.i.AbstractJavaProjectConfigurator - Adding resource folder /spring-boot-security-3.0-main/src/main/resources
2023-01-25 15:19:45,508 [Worker-9: Importing Maven projects] INFO  o.e.m.j.i.AbstractJavaProjectConfigurator - Adding source folder /spring-boot-security-3.0-main/src/test/java
2023-01-25 15:19:53,357 [Worker-9: Importing Maven projects] INFO  o.e.m.c.i.p.ProjectConfigurationManager - Imported and configured 1 project(s) in 17 sec
2023-01-25 15:19:54,673 [Worker-9: Importing Maven projects] INFO  o.e.m.c.i.l.LifecycleMappingFactory - Using org.eclipse.m2e.jdt.JarLifecycleMapping lifecycle mapping for MavenProject: com.school:SchoolSpringSecurity:0.0.1-SNAPSHOT @ C:\Users\ustjavafsdb412\Documents\SchoolSpringSecurity\pom.xml.
2023-01-25 15:19:55,169 [Worker-9: Importing Maven projects] INFO  o.e.m.j.i.AbstractJavaProjectConfigurator - Adding source folder /SchoolSpringSecurity/src/main/java
2023-01-25 15:19:55,170 [Worker-9: Importing Maven projects] INFO  o.e.m.j.i.AbstractJavaProjectConfigurator - Adding resource folder /SchoolSpringSecurity/src/main/resources
2023-01-25 15:19:55,174 [Worker-9: Importing Maven projects] INFO  o.e.m.j.i.AbstractJavaProjectConfigurator - Adding resource folder /SchoolSpringSecurity/src/main/resources
2023-01-25 15:19:55,187 [Worker-9: Importing Maven projects] INFO  o.e.m.j.i.AbstractJavaProjectConfigurator - Adding source folder /SchoolSpringSecurity/src/test/java
